<?xml version="1.0" encoding="UTF-8"?>
<!-- Generated by org.testng.reporters.JUnitReportReporter -->
<testsuite skipped="0" hostname="LAPTOP-J9THCFRO" name="testNG.TestNGPractice" tests="4" failures="0" timestamp="2021-12-21T10:36:16 IST" time="0.010" errors="0">
  <testcase name="dtestDivision" time="0.001" classname="testNG.TestNGPractice"/>
  <system-out/>
  <testcase name="ctestMultiplication" time="0.001" classname="testNG.TestNGPractice"/>
  <system-out/>
  <testcase name="btestSubtraction" time="0.001" classname="testNG.TestNGPractice"/>
  <system-out/>
  <testcase name="atestAddition" time="0.007" classname="testNG.TestNGPractice"/>
  <system-out/>
</testsuite> <!-- testNG.TestNGPractice -->
